0 info it worked if it ends with ok
1 verbose cli [ 'C:\\Program Files\\nodejs\\node.exe',
1 verbose cli   'C:\\Program Files\\nodejs\\node_modules\\npm\\bin\\npm-cli.js',
1 verbose cli   'test' ]
2 info using npm@3.10.8
3 info using node@v6.9.1
4 warn invalid config proxy="https_proxy"
5 warn invalid config Must be a full url with 'http://'
6 verbose config Skipping project config: C:\Users\chengca/.npmrc. (matches userconfig)
7 verbose stack Error: ENOENT: no such file or directory, open 'C:\Users\chengca\package.json'
7 verbose stack     at Error (native)
8 verbose cwd C:\Users\chengca\KonyVizEWS\jumpstart2
9 error Windows_NT 10.0.10586
10 error argv "C:\\Program Files\\nodejs\\node.exe" "C:\\Program Files\\nodejs\\node_modules\\npm\\bin\\npm-cli.js" "test"
11 error node v6.9.1
12 error npm  v3.10.8
13 error path C:\Users\chengca\package.json
14 error code ENOENT
15 error errno -4058
16 error syscall open
17 error enoent ENOENT: no such file or directory, open 'C:\Users\chengca\package.json'
18 error enoent ENOENT: no such file or directory, open 'C:\Users\chengca\package.json'
18 error enoent This is most likely not a problem with npm itself
18 error enoent and is related to npm not being able to find a file.
19 verbose exit [ -4058, true ]
